<?xml version="1.0" encoding="UTF-8"?>
<testsuite xmlns:xsi="http://www.w3.org/2001/XMLSchema-instance" xsi:noNamespaceSchemaLocation="https://maven.apache.org/surefire/maven-surefire-plugin/xsd/surefire-test-report.xsd" version="3.0.2" name="com.msproject.complaint.ComplaintApplicationTests" time="41.265" tests="1" errors="0" skipped="0" failures="0">
  <properties>
[...]
</properties>
  <testcase name="contextLoads" classname="com.msproject.complaint.ComplaintApplicationTests" time="12.585">
    <system-out><![CDATA[00:33:18.755 [main] INFO org.springframework.test.context.support.AnnotationConfigContextLoaderUtils -- Could not detect default configuration classes for test class [com.msproject.complaint.ComplaintApplicationTests]: ComplaintApplicationTests does not declare any static, non-private, non-final, nested classes annotated with @Configuration.
00:33:18.986 [main] INFO org.springframework.boot.test.context.SpringBootTestContextBootstrapper -- Found @SpringBootConfiguration com.msproject.complaint.ComplaintApplication for test class com.msproject.complaint.ComplaintApplicationTests

  .   ____          _            __ _ _
 /\\ / ___'_ __ _ _(_)_ __  __ _ \ \ \ \
( ( )\___ | '_ | '_| | '_ \/ _` | \ \ \ \
 \\/  ___)| |_)| | | | | || (_| |  ) ) ) )
  '  |____| .__|_| |_|_| |_\__, | / / / /
 =========|_|==============|___/=/_/_/_/

 :: Spring Boot ::                (v3.4.4)

2025-04-18T00:33:23.238+01:00  INFO 12980 --- [complaint] [           main] c.m.complaint.ComplaintApplicationTests  : Starting ComplaintApplicationTests using Java 17.0.13 with PID 12980 (started by latifa in C:\Users\latifa\Desktop\MSProject\complaint)
2025-04-18T00:33:23.240+01:00  INFO 12980 --- [complaint] [           main] c.m.complaint.ComplaintApplicationTests  : No active profile set, falling back to 1 default profile: "default"
2025-04-18T00:33:23.282+01:00  INFO 12980 --- [complaint] [           main] o.s.c.c.c.ConfigServerConfigDataLoader   : Fetching config from server at : http://localhost:8081
2025-04-18T00:33:23.283+01:00  INFO 12980 --- [complaint] [           main] o.s.c.c.c.ConfigServerConfigDataLoader   : Located environment: name=complaint, profiles=[default], label=null, version=null, state=null
2025-04-18T00:33:24.580+01:00  INFO 12980 --- [complaint] [           main] .s.d.r.c.RepositoryConfigurationDelegate : Bootstrapping Spring Data MongoDB repositories in DEFAULT mode.
2025-04-18T00:33:24.981+01:00  INFO 12980 --- [complaint] [           main] .s.d.r.c.RepositoryConfigurationDelegate : Finished Spring Data repository scanning in 376 ms. Found 2 MongoDB repository interfaces.
2025-04-18T00:33:25.460+01:00  INFO 12980 --- [complaint] [           main] o.s.cloud.context.scope.GenericScope     : BeanFactory id=e4976554-4398-3a23-9b78-6a542ca9408b
2025-04-18T00:33:26.759+01:00  INFO 12980 --- [complaint] [           main] org.mongodb.driver.client                : MongoClient with metadata {"driver": {"name": "mongo-java-driver|sync|spring-boot", "version": "5.2.1"}, "os": {"type": "Windows", "name": "Windows 10", "architecture": "amd64", "version": "10.0"}, "platform": "Java/Amazon.com Inc./17.0.13+11-LTS"} created with settings MongoClientSettings{readPreference=primary, writeConcern=WriteConcern{w=null, wTimeout=null ms, journal=null}, retryWrites=true, retryReads=true, readConcern=ReadConcern{level=null}, credential=null, transportSettings=null, commandListeners=[], codecRegistry=ProvidersCodecRegistry{codecProviders=[ValueCodecProvider{}, BsonValueCodecProvider{}, DBRefCodecProvider{}, DBObjectCodecProvider{}, DocumentCodecProvider{}, CollectionCodecProvider{}, IterableCodecProvider{}, MapCodecProvider{}, GeoJsonCodecProvider{}, GridFSFileCodecProvider{}, Jsr310CodecProvider{}, JsonObjectCodecProvider{}, BsonCodecProvider{}, EnumCodecProvider{}, com.mongodb.client.model.mql.ExpressionCodecProvider@542c65d9, com.mongodb.Jep395RecordCodecProvider@cdbe995, com.mongodb.KotlinCodecProvider@7dd45c93]}, loggerSettings=LoggerSettings{maxDocumentLength=1000}, clusterSettings={hosts=[localhost:27017], srvServiceName=mongodb, mode=SINGLE, requiredClusterType=UNKNOWN, requiredReplicaSetName='null', serverSelector='null', clusterListeners='[]', serverSelectionTimeout='30000 ms', localThreshold='15 ms'}, socketSettings=SocketSettings{connectTimeoutMS=10000, readTimeoutMS=0, receiveBufferSize=0, proxySettings=ProxySettings{host=null, port=null, username=null, password=null}}, heartbeatSocketSettings=SocketSettings{connectTimeoutMS=10000, readTimeoutMS=10000, receiveBufferSize=0, proxySettings=ProxySettings{host=null, port=null, username=null, password=null}}, connectionPoolSettings=ConnectionPoolSettings{maxSize=100, minSize=0, maxWaitTimeMS=120000, maxConnectionLifeTimeMS=0, maxConnectionIdleTimeMS=0, maintenanceInitialDelayMS=0, maintenanceFrequencyMS=60000, connectionPoolListeners=[], maxConnecting=2}, serverSettings=ServerSettings{heartbeatFrequencyMS=10000, minHeartbeatFrequencyMS=500, serverMonitoringMode=AUTO, serverListeners='[]', serverMonitorListeners='[]'}, sslSettings=SslSettings{enabled=false, invalidHostNameAllowed=false, context=null}, applicationName='null', compressorList=[], uuidRepresentation=JAVA_LEGACY, serverApi=null, autoEncryptionSettings=null, dnsClient=null, inetAddressResolver=null, contextProvider=null, timeoutMS=null}
2025-04-18T00:33:26.875+01:00  INFO 12980 --- [complaint] [localhost:27017] org.mongodb.driver.cluster               : Monitor thread successfully connected to server with description ServerDescription{address=localhost:27017, type=STANDALONE, cryptd=false, state=CONNECTED, ok=true, minWireVersion=0, maxWireVersion=25, maxDocumentSize=16777216, logicalSessionTimeoutMinutes=30, roundTripTimeNanos=144741600, minRoundTripTimeNanos=0}
2025-04-18T00:33:32.714+01:00  INFO 12980 --- [complaint] [           main] o.s.cloud.commons.util.InetUtils         : Cannot determine local hostname
2025-04-18T00:33:40.174+01:00  INFO 12980 --- [complaint] [           main] o.s.cloud.commons.util.InetUtils         : Cannot determine local hostname
2025-04-18T00:33:40.284+01:00  INFO 12980 --- [complaint] [           main] DiscoveryClientOptionalArgsConfiguration : Eureka HTTP Client uses RestTemplate.
2025-04-18T00:33:40.455+01:00  WARN 12980 --- [complaint] [           main] iguration$LoadBalancerCaffeineWarnLogger : Spring Cloud LoadBalancer is currently working with the default cache. While this cache implementation is useful for development and tests, it's recommended to use Caffeine cache in production.You can switch to using Caffeine cache, by adding it and org.springframework.cache.caffeine.CaffeineCacheManager to the classpath.
2025-04-18T00:33:40.558+01:00  INFO 12980 --- [complaint] [           main] o.s.c.n.eureka.InstanceInfoFactory       : Setting initial instance status as: STARTING
2025-04-18T00:33:40.662+01:00  INFO 12980 --- [complaint] [           main] com.netflix.discovery.DiscoveryClient    : Initializing Eureka in region us-east-1
2025-04-18T00:33:40.683+01:00  INFO 12980 --- [complaint] [           main] c.n.d.s.r.aws.ConfigClusterResolver      : Resolving eureka endpoints via configuration
2025-04-18T00:33:40.797+01:00  INFO 12980 --- [complaint] [           main] com.netflix.discovery.DiscoveryClient    : Disable delta property : false
2025-04-18T00:33:40.797+01:00  INFO 12980 --- [complaint] [           main] com.netflix.discovery.DiscoveryClient    : Single vip registry refresh property : null
2025-04-18T00:33:40.798+01:00  INFO 12980 --- [complaint] [           main] com.netflix.discovery.DiscoveryClient    : Force full registry fetch : false
2025-04-18T00:33:40.799+01:00  INFO 12980 --- [complaint] [           main] com.netflix.discovery.DiscoveryClient    : Application is null : false
2025-04-18T00:33:40.799+01:00  INFO 12980 --- [complaint] [           main] com.netflix.discovery.DiscoveryClient    : Registered Applications size is zero : true
2025-04-18T00:33:40.800+01:00  INFO 12980 --- [complaint] [           main] com.netflix.discovery.DiscoveryClient    : Application version is -1: true
2025-04-18T00:33:40.800+01:00  INFO 12980 --- [complaint] [           main] com.netflix.discovery.DiscoveryClient    : Getting all instance registry info from the eureka server
2025-04-18T00:33:46.199+01:00  INFO 12980 --- [complaint] [           main] com.netflix.discovery.DiscoveryClient    : The response status is 200
2025-04-18T00:33:46.218+01:00  INFO 12980 --- [complaint] [           main] com.netflix.discovery.DiscoveryClient    : Starting heartbeat executor: renew interval is: 30
2025-04-18T00:33:46.235+01:00  INFO 12980 --- [complaint] [           main] c.n.discovery.InstanceInfoReplicator     : InstanceInfoReplicator onDemand update allowed rate per min is 4
2025-04-18T00:33:46.248+01:00  INFO 12980 --- [complaint] [           main] com.netflix.discovery.DiscoveryClient    : Discovery Client initialized at timestamp 1744932826247 with initial instances count: 3
2025-04-18T00:33:46.343+01:00  INFO 12980 --- [complaint] [           main] o.s.c.n.e.s.EurekaServiceRegistry        : Registering application COMPLAINT with eureka with status UP
2025-04-18T00:33:46.347+01:00  INFO 12980 --- [complaint] [           main] com.netflix.discovery.DiscoveryClient    : Saw local status change event StatusChangeEvent [timestamp=1744932826346, current=UP, previous=STARTING]
2025-04-18T00:33:46.401+01:00  INFO 12980 --- [complaint] [foReplicator-%d] com.netflix.discovery.DiscoveryClient    : DiscoveryClient_COMPLAINT/localhost:complaint:8090: registering service...
2025-04-18T00:33:46.694+01:00  INFO 12980 --- [complaint] [           main] c.m.complaint.ComplaintApplicationTests  : Started ComplaintApplicationTests in 27.016 seconds (process running for 30.623)
2025-04-18T00:33:47.951+01:00  INFO 12980 --- [complaint] [foReplicator-%d] com.netflix.discovery.DiscoveryClient    : DiscoveryClient_COMPLAINT/localhost:complaint:8090 - registration status: 204
]]></system-out>
  </testcase>
</testsuite>